added manifest
adding: HadoopSort.class(in = 2142) (out= 1117)(deflated 47%)
adding: HadoopSortMapper.class(in = 1522) (out= 597)(deflated 60%)
adding: HadoopSortReducer.class(in = 1488) (out= 626)(deflated 57%)
18/05/01 23:05:25 INFO client.RMProxy: Connecting to ResourceManager at hadoop-d/192.168.2.62:8032
18/05/01 23:05:26 WARN mapreduce.JobResourceUploader: Hadoop command-line option parsing not performed. Implement the Tool interface and execute your application with ToolRunner to remedy this.
18/05/01 23:05:27 INFO input.FileInputFormat: Total input files to process : 1
18/05/01 23:05:27 INFO mapreduce.JobSubmitter: number of splits:298
18/05/01 23:05:27 INFO Configuration.deprecation: yarn.resourcemanager.system-metrics-publisher.enabled is deprecated. Instead, use yarn.system-metrics-publisher.enabled
18/05/01 23:05:28 INFO mapreduce.JobSubmitter: Submitting tokens for job: job_1524709778346_0458
18/05/01 23:05:28 INFO impl.YarnClientImpl: Submitted application application_1524709778346_0458
18/05/01 23:05:28 INFO mapreduce.Job: The url to track the job: http://hadoop-d:8088/proxy/application_1524709778346_0458/
18/05/01 23:05:28 INFO mapreduce.Job: Running job: job_1524709778346_0458
18/05/01 23:05:41 INFO mapreduce.Job: Job job_1524709778346_0458 running in uber mode : false
18/05/01 23:05:41 INFO mapreduce.Job:  map 0% reduce 0%
18/05/01 23:06:04 INFO mapreduce.Job:  map 1% reduce 0%
18/05/01 23:06:05 INFO mapreduce.Job:  map 2% reduce 0%
18/05/01 23:06:08 INFO mapreduce.Job:  map 4% reduce 0%
18/05/01 23:06:09 INFO mapreduce.Job:  map 7% reduce 0%
18/05/01 23:06:12 INFO mapreduce.Job:  map 8% reduce 0%
18/05/01 23:06:13 INFO mapreduce.Job:  map 9% reduce 0%
18/05/01 23:06:15 INFO mapreduce.Job:  map 10% reduce 0%
18/05/01 23:06:23 INFO mapreduce.Job:  map 11% reduce 0%
18/05/01 23:06:24 INFO mapreduce.Job:  map 12% reduce 0%
18/05/01 23:06:29 INFO mapreduce.Job:  map 13% reduce 0%
18/05/01 23:06:30 INFO mapreduce.Job:  map 15% reduce 0%
18/05/01 23:06:33 INFO mapreduce.Job:  map 16% reduce 2%
18/05/01 23:06:38 INFO mapreduce.Job:  map 17% reduce 2%
18/05/01 23:06:39 INFO mapreduce.Job:  map 18% reduce 2%
18/05/01 23:06:40 INFO mapreduce.Job:  map 19% reduce 4%
18/05/01 23:06:41 INFO mapreduce.Job:  map 20% reduce 4%
18/05/01 23:06:42 INFO mapreduce.Job:  map 21% reduce 4%
18/05/01 23:06:43 INFO mapreduce.Job:  map 22% reduce 4%
18/05/01 23:06:46 INFO mapreduce.Job:  map 22% reduce 5%
18/05/01 23:06:51 INFO mapreduce.Job:  map 23% reduce 5%
18/05/01 23:06:52 INFO mapreduce.Job:  map 23% reduce 6%
18/05/01 23:06:53 INFO mapreduce.Job:  map 24% reduce 6%
18/05/01 23:06:58 INFO mapreduce.Job:  map 24% reduce 7%
18/05/01 23:06:59 INFO mapreduce.Job:  map 26% reduce 7%
18/05/01 23:07:00 INFO mapreduce.Job:  map 27% reduce 7%
18/05/01 23:07:03 INFO mapreduce.Job:  map 28% reduce 7%
18/05/01 23:07:04 INFO mapreduce.Job:  map 29% reduce 9%
18/05/01 23:07:06 INFO mapreduce.Job:  map 30% reduce 9%
18/05/01 23:07:08 INFO mapreduce.Job:  map 31% reduce 9%
18/05/01 23:07:10 INFO mapreduce.Job:  map 32% reduce 10%
18/05/01 23:07:14 INFO mapreduce.Job:  map 33% reduce 10%
18/05/01 23:07:15 INFO mapreduce.Job:  map 34% reduce 10%
18/05/01 23:07:16 INFO mapreduce.Job:  map 35% reduce 11%
18/05/01 23:07:17 INFO mapreduce.Job:  map 36% reduce 11%
18/05/01 23:07:27 INFO mapreduce.Job:  map 37% reduce 11%
18/05/01 23:07:28 INFO mapreduce.Job:  map 38% reduce 11%
18/05/01 23:07:29 INFO mapreduce.Job:  map 40% reduce 12%
18/05/01 23:07:32 INFO mapreduce.Job:  map 41% reduce 12%
18/05/01 23:07:33 INFO mapreduce.Job:  map 42% reduce 12%
18/05/01 23:07:35 INFO mapreduce.Job:  map 43% reduce 14%
18/05/01 23:07:37 INFO mapreduce.Job:  map 44% reduce 14%
18/05/01 23:07:38 INFO mapreduce.Job:  map 45% reduce 14%
18/05/01 23:07:39 INFO mapreduce.Job:  map 46% reduce 14%
18/05/01 23:07:40 INFO mapreduce.Job:  map 47% reduce 14%
18/05/01 23:07:41 INFO mapreduce.Job:  map 47% reduce 15%
18/05/01 23:07:46 INFO mapreduce.Job:  map 47% reduce 16%
18/05/01 23:07:51 INFO mapreduce.Job:  map 48% reduce 16%
18/05/01 23:07:56 INFO mapreduce.Job:  map 49% reduce 16%
18/05/01 23:07:57 INFO mapreduce.Job:  map 51% reduce 16%
18/05/01 23:08:00 INFO mapreduce.Job:  map 52% reduce 16%
18/05/01 23:08:01 INFO mapreduce.Job:  map 54% reduce 16%
18/05/01 23:08:05 INFO mapreduce.Job:  map 55% reduce 16%
18/05/01 23:08:06 INFO mapreduce.Job:  map 55% reduce 18%
18/05/01 23:08:15 INFO mapreduce.Job:  map 56% reduce 18%
18/05/01 23:08:17 INFO mapreduce.Job:  map 56% reduce 19%
18/05/01 23:08:20 INFO mapreduce.Job:  map 58% reduce 19%
18/05/01 23:08:21 INFO mapreduce.Job:  map 60% reduce 19%
18/05/01 23:08:22 INFO mapreduce.Job:  map 61% reduce 19%
18/05/01 23:08:23 INFO mapreduce.Job:  map 62% reduce 20%
18/05/01 23:08:26 INFO mapreduce.Job:  map 63% reduce 20%
18/05/01 23:08:30 INFO mapreduce.Job:  map 63% reduce 21%
18/05/01 23:08:34 INFO mapreduce.Job:  map 64% reduce 21%
18/05/01 23:08:40 INFO mapreduce.Job:  map 65% reduce 21%
18/05/01 23:08:42 INFO mapreduce.Job:  map 67% reduce 21%
18/05/01 23:08:43 INFO mapreduce.Job:  map 68% reduce 21%
18/05/01 23:08:44 INFO mapreduce.Job:  map 69% reduce 21%
18/05/01 23:08:45 INFO mapreduce.Job:  map 70% reduce 21%
18/05/01 23:08:47 INFO mapreduce.Job:  map 71% reduce 21%
18/05/01 23:08:48 INFO mapreduce.Job:  map 71% reduce 23%
18/05/01 23:08:54 INFO mapreduce.Job:  map 71% reduce 24%
18/05/01 23:08:59 INFO mapreduce.Job:  map 72% reduce 24%
18/05/01 23:09:01 INFO mapreduce.Job:  map 73% reduce 24%
18/05/01 23:09:03 INFO mapreduce.Job:  map 74% reduce 24%
18/05/01 23:09:04 INFO mapreduce.Job:  map 75% reduce 24%
18/05/01 23:09:07 INFO mapreduce.Job:  map 77% reduce 24%
18/05/01 23:09:09 INFO mapreduce.Job:  map 78% reduce 24%
18/05/01 23:09:11 INFO mapreduce.Job:  map 79% reduce 24%
18/05/01 23:09:12 INFO mapreduce.Job:  map 79% reduce 26%
18/05/01 23:09:21 INFO mapreduce.Job:  map 80% reduce 26%
18/05/01 23:09:23 INFO mapreduce.Job:  map 81% reduce 26%
18/05/01 23:09:24 INFO mapreduce.Job:  map 83% reduce 27%
18/05/01 23:09:29 INFO mapreduce.Job:  map 84% reduce 27%
18/05/01 23:09:30 INFO mapreduce.Job:  map 84% reduce 28%
18/05/01 23:09:31 INFO mapreduce.Job:  map 85% reduce 28%
18/05/01 23:09:32 INFO mapreduce.Job:  map 86% reduce 28%
18/05/01 23:09:36 INFO mapreduce.Job:  map 86% reduce 29%
18/05/01 23:09:38 INFO mapreduce.Job:  map 87% reduce 29%
18/05/01 23:09:42 INFO mapreduce.Job:  map 88% reduce 29%
18/05/01 23:09:43 INFO mapreduce.Job:  map 89% reduce 29%
18/05/01 23:09:44 INFO mapreduce.Job:  map 90% reduce 29%
18/05/01 23:09:48 INFO mapreduce.Job:  map 90% reduce 30%
18/05/01 23:09:49 INFO mapreduce.Job:  map 91% reduce 30%
18/05/01 23:09:54 INFO mapreduce.Job:  map 92% reduce 30%
18/05/01 23:09:55 INFO mapreduce.Job:  map 93% reduce 30%
18/05/01 23:09:56 INFO mapreduce.Job:  map 94% reduce 30%
18/05/01 23:09:58 INFO mapreduce.Job:  map 95% reduce 30%
18/05/01 23:10:00 INFO mapreduce.Job:  map 95% reduce 31%
18/05/01 23:10:04 INFO mapreduce.Job:  map 96% reduce 31%
18/05/01 23:10:05 INFO mapreduce.Job:  map 97% reduce 31%
18/05/01 23:10:06 INFO mapreduce.Job:  map 99% reduce 31%
18/05/01 23:10:07 INFO mapreduce.Job:  map 99% reduce 32%
18/05/01 23:10:11 INFO mapreduce.Job:  map 100% reduce 32%
18/05/01 23:10:12 INFO mapreduce.Job:  map 100% reduce 33%
18/05/01 23:14:07 INFO mapreduce.Job:  map 100% reduce 34%
18/05/01 23:14:13 INFO mapreduce.Job:  map 100% reduce 35%
18/05/01 23:14:19 INFO mapreduce.Job:  map 100% reduce 36%
18/05/01 23:14:25 INFO mapreduce.Job:  map 100% reduce 37%
18/05/01 23:14:37 INFO mapreduce.Job:  map 100% reduce 39%
18/05/01 23:14:49 INFO mapreduce.Job:  map 100% reduce 40%
18/05/01 23:14:55 INFO mapreduce.Job:  map 100% reduce 41%
18/05/01 23:15:01 INFO mapreduce.Job:  map 100% reduce 42%
18/05/01 23:15:07 INFO mapreduce.Job:  map 100% reduce 43%
18/05/01 23:15:19 INFO mapreduce.Job:  map 100% reduce 45%
18/05/01 23:15:31 INFO mapreduce.Job:  map 100% reduce 46%
18/05/01 23:15:37 INFO mapreduce.Job:  map 100% reduce 47%
18/05/01 23:15:43 INFO mapreduce.Job:  map 100% reduce 48%
18/05/01 23:15:49 INFO mapreduce.Job:  map 100% reduce 49%
18/05/01 23:16:01 INFO mapreduce.Job:  map 100% reduce 50%
18/05/01 23:16:08 INFO mapreduce.Job:  map 100% reduce 51%
18/05/01 23:16:14 INFO mapreduce.Job:  map 100% reduce 52%
18/05/01 23:16:20 INFO mapreduce.Job:  map 100% reduce 53%
18/05/01 23:16:26 INFO mapreduce.Job:  map 100% reduce 54%
18/05/01 23:16:32 INFO mapreduce.Job:  map 100% reduce 55%
18/05/01 23:16:44 INFO mapreduce.Job:  map 100% reduce 56%
18/05/01 23:16:50 INFO mapreduce.Job:  map 100% reduce 57%
18/05/01 23:16:56 INFO mapreduce.Job:  map 100% reduce 58%
18/05/01 23:17:02 INFO mapreduce.Job:  map 100% reduce 59%
18/05/01 23:17:08 INFO mapreduce.Job:  map 100% reduce 60%
18/05/01 23:17:14 INFO mapreduce.Job:  map 100% reduce 61%
18/05/01 23:17:20 INFO mapreduce.Job:  map 100% reduce 62%
18/05/01 23:17:26 INFO mapreduce.Job:  map 100% reduce 63%
18/05/01 23:17:38 INFO mapreduce.Job:  map 100% reduce 65%
18/05/01 23:17:50 INFO mapreduce.Job:  map 100% reduce 66%
18/05/01 23:17:55 INFO mapreduce.Job:  map 100% reduce 67%
18/05/01 23:18:07 INFO mapreduce.Job:  map 100% reduce 68%
18/05/01 23:18:19 INFO mapreduce.Job:  map 100% reduce 69%
18/05/01 23:18:31 INFO mapreduce.Job:  map 100% reduce 70%
18/05/01 23:18:37 INFO mapreduce.Job:  map 100% reduce 71%
18/05/01 23:18:50 INFO mapreduce.Job:  map 100% reduce 72%
18/05/01 23:19:02 INFO mapreduce.Job:  map 100% reduce 73%
18/05/01 23:19:14 INFO mapreduce.Job:  map 100% reduce 74%
18/05/01 23:19:26 INFO mapreduce.Job:  map 100% reduce 75%
18/05/01 23:19:38 INFO mapreduce.Job:  map 100% reduce 76%
18/05/01 23:19:50 INFO mapreduce.Job:  map 100% reduce 77%
18/05/01 23:20:02 INFO mapreduce.Job:  map 100% reduce 78%
18/05/01 23:20:14 INFO mapreduce.Job:  map 100% reduce 79%
18/05/01 23:20:26 INFO mapreduce.Job:  map 100% reduce 80%
18/05/01 23:20:38 INFO mapreduce.Job:  map 100% reduce 81%
18/05/01 23:20:44 INFO mapreduce.Job:  map 100% reduce 82%
18/05/01 23:20:56 INFO mapreduce.Job:  map 100% reduce 83%
18/05/01 23:21:09 INFO mapreduce.Job:  map 100% reduce 84%
18/05/01 23:21:21 INFO mapreduce.Job:  map 100% reduce 85%
18/05/01 23:21:33 INFO mapreduce.Job:  map 100% reduce 86%
18/05/01 23:21:45 INFO mapreduce.Job:  map 100% reduce 87%
18/05/01 23:21:57 INFO mapreduce.Job:  map 100% reduce 88%
18/05/01 23:22:09 INFO mapreduce.Job:  map 100% reduce 89%
18/05/01 23:22:21 INFO mapreduce.Job:  map 100% reduce 90%
18/05/01 23:22:33 INFO mapreduce.Job:  map 100% reduce 91%
18/05/01 23:22:44 INFO mapreduce.Job:  map 100% reduce 92%
18/05/01 23:22:56 INFO mapreduce.Job:  map 100% reduce 93%
18/05/01 23:23:08 INFO mapreduce.Job:  map 100% reduce 94%
18/05/01 23:23:20 INFO mapreduce.Job:  map 100% reduce 95%
18/05/01 23:23:32 INFO mapreduce.Job:  map 100% reduce 96%
18/05/01 23:23:44 INFO mapreduce.Job:  map 100% reduce 97%
18/05/01 23:23:51 INFO mapreduce.Job:  map 100% reduce 98%
18/05/01 23:24:03 INFO mapreduce.Job:  map 100% reduce 99%
18/05/01 23:24:15 INFO mapreduce.Job:  map 100% reduce 100%
18/05/01 23:24:21 INFO mapreduce.Job: Job job_1524709778346_0458 completed successfully
18/05/01 23:24:21 INFO mapreduce.Job: Counters: 51
	File System Counters
		FILE: Number of bytes read=55859230062
		FILE: Number of bytes written=76319539684
		FILE: Number of read operations=0
		FILE: Number of large read operations=0
		FILE: Number of write operations=0
		HDFS: Number of bytes read=20001250484
		HDFS: Number of bytes written=20000000000
		HDFS: Number of read operations=897
		HDFS: Number of large read operations=0
		HDFS: Number of write operations=2
	Job Counters 
		Killed map tasks=1
		Launched map tasks=299
		Launched reduce tasks=1
		Data-local map tasks=231
		Rack-local map tasks=68
		Total time spent by all maps in occupied slots (ms)=5647292
		Total time spent by all reduces in occupied slots (ms)=1088654
		Total time spent by all map tasks (ms)=5647292
		Total time spent by all reduce tasks (ms)=1088654
		Total vcore-milliseconds taken by all map tasks=5647292
		Total vcore-milliseconds taken by all reduce tasks=1088654
		Total megabyte-milliseconds taken by all map tasks=5782827008
		Total megabyte-milliseconds taken by all reduce tasks=1114781696
	Map-Reduce Framework
		Map input records=200000000
		Map output records=200000000
		Map output bytes=20000000000
		Map output materialized bytes=20400001788
		Input split bytes=33972
		Combine input records=0
		Combine output records=0
		Reduce input groups=200000000
		Reduce shuffle bytes=20400001788
		Reduce input records=200000000
		Reduce output records=200000000
		Spilled Records=747639491
		Shuffled Maps =298
		Failed Shuffles=0
		Merged Map outputs=298
		GC time elapsed (ms)=103734
		CPU time spent (ms)=2640950
		Physical memory (bytes) snapshot=87304474624
		Virtual memory (bytes) snapshot=588857204736
		Total committed heap usage (bytes)=61029744640
	Shuffle Errors
		BAD_ID=0
		CONNECTION=0
		IO_ERROR=0
		WRONG_LENGTH=0
		WRONG_MAP=0
		WRONG_REDUCE=0
	File Input Format Counters 
		Bytes Read=20001216512
	File Output Format Counters 
		Bytes Written=20000000000
Total time taken by HadoopSort to sort /input/data-20GB = 1137.307
18/05/01 23:24:23 INFO client.RMProxy: Connecting to ResourceManager at hadoop-d/192.168.2.62:8032
18/05/01 23:24:24 INFO input.FileInputFormat: Total input files to process : 1
Spent 69ms computing base-splits.
Spent 9ms computing TeraScheduler splits.
18/05/01 23:24:24 INFO mapreduce.JobSubmitter: number of splits:1
18/05/01 23:24:24 INFO Configuration.deprecation: yarn.resourcemanager.system-metrics-publisher.enabled is deprecated. Instead, use yarn.system-metrics-publisher.enabled
18/05/01 23:24:25 INFO mapreduce.JobSubmitter: Submitting tokens for job: job_1524709778346_0459
18/05/01 23:24:25 INFO impl.YarnClientImpl: Submitted application application_1524709778346_0459
18/05/01 23:24:25 INFO mapreduce.Job: The url to track the job: http://hadoop-d:8088/proxy/application_1524709778346_0459/
18/05/01 23:24:25 INFO mapreduce.Job: Running job: job_1524709778346_0459
18/05/01 23:24:35 INFO mapreduce.Job: Job job_1524709778346_0459 running in uber mode : false
18/05/01 23:24:35 INFO mapreduce.Job:  map 0% reduce 0%
18/05/01 23:24:53 INFO mapreduce.Job:  map 4% reduce 0%
18/05/01 23:24:59 INFO mapreduce.Job:  map 6% reduce 0%
18/05/01 23:25:05 INFO mapreduce.Job:  map 8% reduce 0%
18/05/01 23:25:11 INFO mapreduce.Job:  map 11% reduce 0%
18/05/01 23:25:17 INFO mapreduce.Job:  map 13% reduce 0%
18/05/01 23:25:23 INFO mapreduce.Job:  map 15% reduce 0%
18/05/01 23:25:29 INFO mapreduce.Job:  map 17% reduce 0%
18/05/01 23:25:35 INFO mapreduce.Job:  map 19% reduce 0%
18/05/01 23:25:41 INFO mapreduce.Job:  map 22% reduce 0%
18/05/01 23:25:47 INFO mapreduce.Job:  map 24% reduce 0%
18/05/01 23:25:53 INFO mapreduce.Job:  map 26% reduce 0%
18/05/01 23:25:59 INFO mapreduce.Job:  map 28% reduce 0%
18/05/01 23:26:04 INFO mapreduce.Job:  map 30% reduce 0%
18/05/01 23:26:10 INFO mapreduce.Job:  map 33% reduce 0%
18/05/01 23:26:16 INFO mapreduce.Job:  map 35% reduce 0%
18/05/01 23:26:23 INFO mapreduce.Job:  map 37% reduce 0%
18/05/01 23:26:29 INFO mapreduce.Job:  map 39% reduce 0%
18/05/01 23:26:35 INFO mapreduce.Job:  map 41% reduce 0%
18/05/01 23:26:41 INFO mapreduce.Job:  map 43% reduce 0%
18/05/01 23:26:47 INFO mapreduce.Job:  map 46% reduce 0%
18/05/01 23:26:53 INFO mapreduce.Job:  map 48% reduce 0%
18/05/01 23:26:59 INFO mapreduce.Job:  map 50% reduce 0%
18/05/01 23:27:05 INFO mapreduce.Job:  map 52% reduce 0%
18/05/01 23:27:11 INFO mapreduce.Job:  map 54% reduce 0%
18/05/01 23:27:17 INFO mapreduce.Job:  map 57% reduce 0%
18/05/01 23:27:23 INFO mapreduce.Job:  map 59% reduce 0%
18/05/01 23:27:29 INFO mapreduce.Job:  map 61% reduce 0%
18/05/01 23:27:35 INFO mapreduce.Job:  map 63% reduce 0%
18/05/01 23:27:41 INFO mapreduce.Job:  map 65% reduce 0%
18/05/01 23:27:45 INFO mapreduce.Job:  map 100% reduce 0%
18/05/01 23:27:51 INFO mapreduce.Job:  map 100% reduce 100%
18/05/01 23:27:52 INFO mapreduce.Job: Job job_1524709778346_0459 completed successfully
18/05/01 23:27:53 INFO mapreduce.Job: Counters: 49
	File System Counters
		FILE: Number of bytes read=95
		FILE: Number of bytes written=403667
		FILE: Number of read operations=0
		FILE: Number of large read operations=0
		FILE: Number of write operations=0
		HDFS: Number of bytes read=20000000125
		HDFS: Number of bytes written=25
		HDFS: Number of read operations=6
		HDFS: Number of large read operations=0
		HDFS: Number of write operations=2
	Job Counters 
		Launched map tasks=1
		Launched reduce tasks=1
		Rack-local map tasks=1
		Total time spent by all maps in occupied slots (ms)=187313
		Total time spent by all reduces in occupied slots (ms)=3343
		Total time spent by all map tasks (ms)=187313
		Total time spent by all reduce tasks (ms)=3343
		Total vcore-milliseconds taken by all map tasks=187313
		Total vcore-milliseconds taken by all reduce tasks=3343
		Total megabyte-milliseconds taken by all map tasks=191808512
		Total megabyte-milliseconds taken by all reduce tasks=3423232
	Map-Reduce Framework
		Map input records=200000000
		Map output records=3
		Map output bytes=83
		Map output materialized bytes=95
		Input split bytes=125
		Combine input records=0
		Combine output records=0
		Reduce input groups=3
		Reduce shuffle bytes=95
		Reduce input records=3
		Reduce output records=1
		Spilled Records=6
		Shuffled Maps =1
		Failed Shuffles=0
		Merged Map outputs=1
		GC time elapsed (ms)=2434
		CPU time spent (ms)=176590
		Physical memory (bytes) snapshot=495435776
		Virtual memory (bytes) snapshot=3955318784
		Total committed heap usage (bytes)=322437120
	Shuffle Errors
		BAD_ID=0
		CONNECTION=0
		IO_ERROR=0
		WRONG_LENGTH=0
		WRONG_MAP=0
		WRONG_REDUCE=0
	File Input Format Counters 
		Bytes Read=20000000000
	File Output Format Counters 
		Bytes Written=25
Total time for TeraValidate: 212 seconds
