added manifest
adding: HadoopSort.class(in = 2142) (out= 1117)(deflated 47%)
adding: HadoopSortMapper.class(in = 1522) (out= 597)(deflated 60%)
adding: HadoopSortReducer.class(in = 1488) (out= 626)(deflated 57%)
18/05/01 11:09:44 INFO client.RMProxy: Connecting to ResourceManager at hadoop-b/192.168.2.61:8032
18/05/01 11:09:45 WARN mapreduce.JobResourceUploader: Hadoop command-line option parsing not performed. Implement the Tool interface and execute your application with ToolRunner to remedy this.
18/05/01 11:09:45 INFO input.FileInputFormat: Total input files to process : 1
18/05/01 11:09:45 INFO mapreduce.JobSubmitter: number of splits:120
18/05/01 11:17:17 INFO Configuration.deprecation: yarn.resourcemanager.system-metrics-publisher.enabled is deprecated. Instead, use yarn.system-metrics-publisher.enabled
18/05/01 11:17:17 INFO mapreduce.JobSubmitter: Submitting tokens for job: job_1524858295679_0356
18/05/01 11:17:17 INFO impl.YarnClientImpl: Submitted application application_1524858295679_0356
18/05/01 11:17:17 INFO mapreduce.Job: The url to track the job: http://hadoop-b:8088/proxy/application_1524858295679_0356/
18/05/01 11:17:17 INFO mapreduce.Job: Running job: job_1524858295679_0356
18/05/01 11:09:53 INFO mapreduce.Job: Job job_1524858295679_0356 running in uber mode : false
18/05/01 11:09:53 INFO mapreduce.Job:  map 0% reduce 0%
18/05/01 11:10:09 INFO mapreduce.Job:  map 1% reduce 0%
18/05/01 11:10:12 INFO mapreduce.Job:  map 4% reduce 0%
18/05/01 11:10:13 INFO mapreduce.Job:  map 13% reduce 0%
18/05/01 11:10:15 INFO mapreduce.Job:  map 18% reduce 0%
18/05/01 11:10:18 INFO mapreduce.Job:  map 24% reduce 0%
18/05/01 11:10:19 INFO mapreduce.Job:  map 25% reduce 0%
18/05/01 11:10:25 INFO mapreduce.Job:  map 26% reduce 0%
18/05/01 11:10:30 INFO mapreduce.Job:  map 27% reduce 9%
18/05/01 11:10:31 INFO mapreduce.Job:  map 30% reduce 9%
18/05/01 11:10:32 INFO mapreduce.Job:  map 31% reduce 9%
18/05/01 11:10:33 INFO mapreduce.Job:  map 38% reduce 9%
18/05/01 11:10:36 INFO mapreduce.Job:  map 38% reduce 12%
18/05/01 11:10:38 INFO mapreduce.Job:  map 39% reduce 12%
18/05/01 11:10:40 INFO mapreduce.Job:  map 43% reduce 12%
18/05/01 11:10:41 INFO mapreduce.Job:  map 45% reduce 12%
18/05/01 11:10:42 INFO mapreduce.Job:  map 46% reduce 14%
18/05/01 11:10:48 INFO mapreduce.Job:  map 47% reduce 15%
18/05/01 11:10:49 INFO mapreduce.Job:  map 52% reduce 15%
18/05/01 11:10:52 INFO mapreduce.Job:  map 58% reduce 15%
18/05/01 11:10:54 INFO mapreduce.Job:  map 58% reduce 17%
18/05/01 11:10:56 INFO mapreduce.Job:  map 59% reduce 17%
18/05/01 11:11:01 INFO mapreduce.Job:  map 60% reduce 20%
18/05/01 11:11:02 INFO mapreduce.Job:  map 61% reduce 20%
18/05/01 11:11:03 INFO mapreduce.Job:  map 66% reduce 20%
18/05/01 11:11:06 INFO mapreduce.Job:  map 67% reduce 20%
18/05/01 11:11:07 INFO mapreduce.Job:  map 70% reduce 11%
18/05/01 11:11:08 INFO mapreduce.Job:  map 72% reduce 11%
18/05/01 11:11:10 INFO mapreduce.Job:  map 73% reduce 11%
18/05/01 11:11:12 INFO mapreduce.Job:  map 79% reduce 11%
18/05/01 11:11:13 INFO mapreduce.Job:  map 79% reduce 23%
18/05/01 11:11:19 INFO mapreduce.Job:  map 80% reduce 26%
18/05/01 11:11:23 INFO mapreduce.Job:  map 81% reduce 26%
18/05/01 11:11:24 INFO mapreduce.Job:  map 83% reduce 27%
18/05/01 11:11:25 INFO mapreduce.Job:  map 86% reduce 27%
18/05/01 11:11:26 INFO mapreduce.Job:  map 91% reduce 27%
18/05/01 11:11:27 INFO mapreduce.Job:  map 92% reduce 27%
18/05/01 11:11:28 INFO mapreduce.Job:  map 93% reduce 27%
18/05/01 11:11:30 INFO mapreduce.Job:  map 93% reduce 29%
18/05/01 11:11:33 INFO mapreduce.Job:  map 95% reduce 29%
18/05/01 11:11:34 INFO mapreduce.Job:  map 97% reduce 29%
18/05/01 11:11:36 INFO mapreduce.Job:  map 98% reduce 32%
18/05/01 11:11:38 INFO mapreduce.Job:  map 99% reduce 32%
18/05/01 11:11:39 INFO mapreduce.Job:  map 100% reduce 32%
18/05/01 11:11:42 INFO mapreduce.Job:  map 100% reduce 33%
18/05/01 11:12:55 INFO mapreduce.Job:  map 100% reduce 40%
18/05/01 11:13:01 INFO mapreduce.Job:  map 100% reduce 44%
18/05/01 11:13:07 INFO mapreduce.Job:  map 100% reduce 50%
18/05/01 11:13:13 INFO mapreduce.Job:  map 100% reduce 55%
18/05/01 11:13:18 INFO mapreduce.Job:  map 100% reduce 62%
18/05/01 11:13:25 INFO mapreduce.Job:  map 100% reduce 67%
18/05/01 11:13:31 INFO mapreduce.Job:  map 100% reduce 68%
18/05/01 11:13:37 INFO mapreduce.Job:  map 100% reduce 70%
18/05/01 11:13:43 INFO mapreduce.Job:  map 100% reduce 71%
18/05/01 11:13:49 INFO mapreduce.Job:  map 100% reduce 72%
18/05/01 11:13:55 INFO mapreduce.Job:  map 100% reduce 74%
18/05/01 11:14:01 INFO mapreduce.Job:  map 100% reduce 75%
18/05/01 11:14:07 INFO mapreduce.Job:  map 100% reduce 77%
18/05/01 11:14:13 INFO mapreduce.Job:  map 100% reduce 78%
18/05/01 11:14:19 INFO mapreduce.Job:  map 100% reduce 79%
18/05/01 11:14:25 INFO mapreduce.Job:  map 100% reduce 81%
18/05/01 11:14:31 INFO mapreduce.Job:  map 100% reduce 82%
18/05/01 11:14:37 INFO mapreduce.Job:  map 100% reduce 83%
18/05/01 11:14:43 INFO mapreduce.Job:  map 100% reduce 85%
18/05/01 11:14:49 INFO mapreduce.Job:  map 100% reduce 86%
18/05/01 11:14:55 INFO mapreduce.Job:  map 100% reduce 87%
18/05/01 11:15:01 INFO mapreduce.Job:  map 100% reduce 89%
18/05/01 11:15:07 INFO mapreduce.Job:  map 100% reduce 90%
18/05/01 11:15:13 INFO mapreduce.Job:  map 100% reduce 91%
18/05/01 11:15:19 INFO mapreduce.Job:  map 100% reduce 92%
18/05/01 11:15:25 INFO mapreduce.Job:  map 100% reduce 94%
18/05/01 11:15:31 INFO mapreduce.Job:  map 100% reduce 95%
18/05/01 11:15:37 INFO mapreduce.Job:  map 100% reduce 97%
18/05/01 11:15:44 INFO mapreduce.Job:  map 100% reduce 98%
18/05/01 11:15:50 INFO mapreduce.Job:  map 100% reduce 99%
18/05/01 11:15:54 INFO mapreduce.Job:  map 100% reduce 100%
18/05/01 11:15:54 INFO mapreduce.Job: Job job_1524858295679_0356 completed successfully
18/05/01 11:15:54 INFO mapreduce.Job: Counters: 51
	File System Counters
		FILE: Number of bytes read=178259232840
		FILE: Number of bytes written=260103292950
		FILE: Number of read operations=0
		FILE: Number of large read operations=0
		FILE: Number of write operations=0
		HDFS: Number of bytes read=80005008640
		HDFS: Number of bytes written=80000000000
		HDFS: Number of read operations=3630
		HDFS: Number of large read operations=0
		HDFS: Number of write operations=20
	Job Counters 
		Killed map tasks=1
		Launched map tasks=120
		Launched reduce tasks=1
		Data-local map tasks=103
		Rack-local map tasks=17
		Total time spent by all maps in occupied slots (ms)=21403900
		Total time spent by all reduces in occupied slots (ms)=3379140
		Total time spent by all map tasks (ms)=21403900
		Total time spent by all reduce tasks (ms)=3379140
		Total vcore-milliseconds taken by all map tasks=21403900
		Total vcore-milliseconds taken by all reduce tasks=3379140
		Total megabyte-milliseconds taken by all map tasks=21917593600
		Total megabyte-milliseconds taken by all reduce tasks=3460239360
	Map-Reduce Framework
		Map input records=800000000
		Map output records=800000000
		Map output bytes=80000000000
		Map output materialized bytes=81600007200
		Input split bytes=134400
		Combine input records=0
		Combine output records=0
		Reduce input groups=800000000
		Reduce shuffle bytes=81600007200
		Reduce input records=800000000
		Reduce output records=800000000
		Spilled Records=2547639460
		Shuffled Maps =1200
		Failed Shuffles=0
		Merged Map outputs=1200
		GC time elapsed (ms)=40424
		CPU time spent (ms)=961030
		Physical memory (bytes) snapshot=352094003200
		Virtual memory (bytes) snapshot=2382776975360
		Total committed heap usage (bytes)=246771875840
	Shuffle Errors
		BAD_ID=0
		CONNECTION=0
		IO_ERROR=0
		WRONG_LENGTH=0
		WRONG_MAP=0
		WRONG_REDUCE=0
	File Input Format Counters 
		Bytes Read=80004874240
	File Output Format Counters 
		Bytes Written=80000000000
Total time taken by HadoopSort to sort /input/data-8GB = 3288.64
18/05/01 11:15:57 INFO client.RMProxy: Connecting to ResourceManager at hadoop-b/192.168.2.61:8032
18/05/01 11:15:58 INFO input.FileInputFormat: Total input files to process : 1
Spent 43ms computing base-splits.
Spent 9ms computing TeraScheduler splits.
18/05/01 11:15:59 INFO mapreduce.JobSubmitter: number of splits:1
18/05/01 11:15:59 INFO Configuration.deprecation: yarn.resourcemanager.system-metrics-publisher.enabled is deprecated. Instead, use yarn.system-metrics-publisher.enabled
18/05/01 11:15:59 INFO mapreduce.JobSubmitter: Submitting tokens for job: job_1524858295679_0357
18/05/01 11:15:59 INFO impl.YarnClientImpl: Submitted application application_1524858295679_0357
18/05/01 11:15:59 INFO mapreduce.Job: The url to track the job: http://hadoop-b:8088/proxy/application_1524858295679_0357/
18/05/01 11:15:59 INFO mapreduce.Job: Running job: job_1524858295679_0357
18/05/01 11:16:07 INFO mapreduce.Job: Job job_1524858295679_0357 running in uber mode : false
18/05/01 11:16:07 INFO mapreduce.Job:  map 0% reduce 0%
18/05/01 11:16:24 INFO mapreduce.Job:  map 9% reduce 0%
18/05/01 11:16:30 INFO mapreduce.Job:  map 14% reduce 0%
18/05/01 11:16:36 INFO mapreduce.Job:  map 20% reduce 0%
18/05/01 11:16:42 INFO mapreduce.Job:  map 25% reduce 0%
18/05/01 11:16:48 INFO mapreduce.Job:  map 31% reduce 0%
18/05/01 11:16:54 INFO mapreduce.Job:  map 36% reduce 0%
18/05/01 11:17:00 INFO mapreduce.Job:  map 41% reduce 0%
18/05/01 11:17:06 INFO mapreduce.Job:  map 47% reduce 0%
18/05/01 11:17:12 INFO mapreduce.Job:  map 52% reduce 0%
18/05/01 11:17:18 INFO mapreduce.Job:  map 58% reduce 0%
18/05/01 11:17:24 INFO mapreduce.Job:  map 64% reduce 0%
18/05/01 11:17:27 INFO mapreduce.Job:  map 100% reduce 0%
18/05/01 11:17:34 INFO mapreduce.Job:  map 100% reduce 100%
18/05/01 11:17:34 INFO mapreduce.Job: Job job_1524858295679_0357 completed successfully
18/05/01 11:17:34 INFO mapreduce.Job: Counters: 49
	File System Counters
		FILE: Number of bytes read=950
		FILE: Number of bytes written=4036670
		FILE: Number of read operations=0
		FILE: Number of large read operations=0
		FILE: Number of write operations=0
		HDFS: Number of bytes read=80000001250
		HDFS: Number of bytes written=250
		HDFS: Number of read operations=60
		HDFS: Number of large read operations=0
		HDFS: Number of write operations=20
	Job Counters 
		Launched map tasks=1
		Launched reduce tasks=1
		Rack-local map tasks=1
		Total time spent by all maps in occupied slots (ms)=788070
		Total time spent by all reduces in occupied slots (ms)=33870
		Total time spent by all map tasks (ms)=788070
		Total time spent by all reduce tasks (ms)=33870
		Total vcore-milliseconds taken by all map tasks=788070
		Total vcore-milliseconds taken by all reduce tasks=33870
		Total megabyte-milliseconds taken by all map tasks=806983680
		Total megabyte-milliseconds taken by all reduce tasks=34682880
	Map-Reduce Framework
		Map input records=800000000
		Map output records=3
		Map output bytes=83
		Map output materialized bytes=95
		Input split bytes=125
		Combine input records=0
		Combine output records=0
		Reduce input groups=3
		Reduce shuffle bytes=95
		Reduce input records=3
		Reduce output records=1
		Spilled Records=6
		Shuffled Maps =1
		Failed Shuffles=0
		Merged Map outputs=1
		GC time elapsed (ms)=1282
		CPU time spent (ms)=69490
		Physical memory (bytes) snapshot=492630016
		Virtual memory (bytes) snapshot=3958251520
		Total committed heap usage (bytes)=325582848
	Shuffle Errors
		BAD_ID=0
		CONNECTION=0
		IO_ERROR=0
		WRONG_LENGTH=0
		WRONG_MAP=0
		WRONG_REDUCE=0
	File Input Format Counters 
		Bytes Read=80000000000
	File Output Format Counters 
		Bytes Written=25
Total time for TeraValidate: 1070 seconds
